2021-08-04 09:35:34.399  INFO 8636 --- [restartedMain] com.star.MyblogApplication               : Starting MyblogApplication on PC-20170517RPEF with PID 8636 (started by Administrator in D:\maven\springboot\githubÈ°πÁõÆËµÑÊ∫ê\myblog-mybatis-master)
2021-08-04 09:35:34.410  INFO 8636 --- [restartedMain] com.star.MyblogApplication               : The following profiles are active: pro
2021-08-04 09:35:38.589  INFO 8636 --- [restartedMain] com.star.MyblogApplication               : Started MyblogApplication in 5.05 seconds (JVM running for 6.271)
2021-08-04 09:37:22.210  INFO 8636 --- [http-nio-8081-exec-1] com.star.aspect.LogAspect                : Request : {url='http://localhost:8081/', ip='127.0.0.1', classMethod='com.star.controller.IndexController.index', args=[{}, 1, {}]}
2021-08-04 09:37:37.798  INFO 8636 --- [http-nio-8081-exec-1] com.star.aspect.LogAspect                : Result : index
2021-08-04 09:37:38.549  INFO 8636 --- [http-nio-8081-exec-10] com.star.aspect.LogAspect                : Request : {url='http://localhost:8081/footer/blogmessage', ip='127.0.0.1', classMethod='com.star.controller.IndexController.blogMessage', args=[{}]}
2021-08-04 09:37:38.659  INFO 8636 --- [http-nio-8081-exec-10] com.star.aspect.LogAspect                : Result : commons/footer :: blogMessage
2021-08-04 09:37:44.904  INFO 8636 --- [http-nio-8081-exec-4] com.star.aspect.LogAspect                : Request : {url='http://localhost:8081/about', ip='127.0.0.1', classMethod='com.star.controller.AboutShowController.about', args=[]}
2021-08-04 09:37:44.909  INFO 8636 --- [http-nio-8081-exec-4] com.star.aspect.LogAspect                : Result : about
2021-08-04 09:37:45.057  INFO 8636 --- [http-nio-8081-exec-1] com.star.aspect.LogAspect                : Request : {url='http://localhost:8081/footer/blogmessage', ip='127.0.0.1', classMethod='com.star.controller.IndexController.blogMessage', args=[{}]}
2021-08-04 09:37:45.163  INFO 8636 --- [http-nio-8081-exec-1] com.star.aspect.LogAspect                : Result : commons/footer :: blogMessage
2021-08-04 10:03:12.666  INFO 8636 --- [http-nio-8081-exec-2] com.star.aspect.LogAspect                : Request : {url='http://localhost:8081/message', ip='127.0.0.1', classMethod='com.star.controller.MessageController.message', args=[]}
2021-08-04 10:03:12.670  INFO 8636 --- [http-nio-8081-exec-2] com.star.aspect.LogAspect                : Result : message
2021-08-04 10:03:12.798  INFO 8636 --- [http-nio-8081-exec-4] com.star.aspect.LogAspect                : Request : {url='http://localhost:8081/footer/blogmessage', ip='127.0.0.1', classMethod='com.star.controller.IndexController.blogMessage', args=[{}]}
2021-08-04 10:03:12.818  INFO 8636 --- [http-nio-8081-exec-8] com.star.aspect.LogAspect                : Request : {url='http://localhost:8081/messagecomment', ip='127.0.0.1', classMethod='com.star.controller.MessageController.messages', args=[{}]}
2021-08-04 10:03:17.810  WARN 8636 --- [http-nio-8081-exec-4] com.zaxxer.hikari.pool.PoolBase          : HikariPool-1 - Failed to validate connection com.mysql.cj.jdbc.ConnectionImpl@4479bf04 (No operations allowed after connection closed.). Possibly consider using a shorter maxLifetime value.
2021-08-04 10:03:17.823  WARN 8636 --- [http-nio-8081-exec-8] com.zaxxer.hikari.pool.PoolBase          : HikariPool-1 - Failed to validate connection com.mysql.cj.jdbc.ConnectionImpl@867027a (No operations allowed after connection closed.). Possibly consider using a shorter maxLifetime value.
2021-08-04 10:03:22.812  WARN 8636 --- [http-nio-8081-exec-4] com.zaxxer.hikari.pool.PoolBase          : HikariPool-1 - Failed to validate connection com.mysql.cj.jdbc.ConnectionImpl@21cb7c5f (No operations allowed after connection closed.). Possibly consider using a shorter maxLifetime value.
2021-08-04 10:03:22.824  WARN 8636 --- [http-nio-8081-exec-8] com.zaxxer.hikari.pool.PoolBase          : HikariPool-1 - Failed to validate connection com.mysql.cj.jdbc.ConnectionImpl@6e232efc (No operations allowed after connection closed.). Possibly consider using a shorter maxLifetime value.
2021-08-04 10:03:27.814  WARN 8636 --- [http-nio-8081-exec-4] com.zaxxer.hikari.pool.PoolBase          : HikariPool-1 - Failed to validate connection com.mysql.cj.jdbc.ConnectionImpl@284366fd (No operations allowed after connection closed.). Possibly consider using a shorter maxLifetime value.
2021-08-04 10:03:27.826  WARN 8636 --- [http-nio-8081-exec-8] com.zaxxer.hikari.pool.PoolBase          : HikariPool-1 - Failed to validate connection com.mysql.cj.jdbc.ConnectionImpl@4b1a5f80 (No operations allowed after connection closed.). Possibly consider using a shorter maxLifetime value.
2021-08-04 10:03:32.816  WARN 8636 --- [http-nio-8081-exec-4] com.zaxxer.hikari.pool.PoolBase          : HikariPool-1 - Failed to validate connection com.mysql.cj.jdbc.ConnectionImpl@4fbda323 (No operations allowed after connection closed.). Possibly consider using a shorter maxLifetime value.
2021-08-04 10:03:32.827  WARN 8636 --- [http-nio-8081-exec-8] com.zaxxer.hikari.pool.PoolBase          : HikariPool-1 - Failed to validate connection com.mysql.cj.jdbc.ConnectionImpl@4697554d (No operations allowed after connection closed.). Possibly consider using a shorter maxLifetime value.
2021-08-04 10:03:37.818  WARN 8636 --- [http-nio-8081-exec-4] com.zaxxer.hikari.pool.PoolBase          : HikariPool-1 - Failed to validate connection com.mysql.cj.jdbc.ConnectionImpl@73aa24c5 (No operations allowed after connection closed.). Possibly consider using a shorter maxLifetime value.
2021-08-04 10:03:37.828  WARN 8636 --- [http-nio-8081-exec-8] com.zaxxer.hikari.pool.PoolBase          : HikariPool-1 - Failed to validate connection com.mysql.cj.jdbc.ConnectionImpl@7653fb37 (No operations allowed after connection closed.). Possibly consider using a shorter maxLifetime value.
2021-08-04 10:03:37.925  INFO 8636 --- [http-nio-8081-exec-8] com.star.aspect.LogAspect                : Result : message::messageList
2021-08-04 10:03:37.930  INFO 8636 --- [http-nio-8081-exec-4] com.star.aspect.LogAspect                : Result : commons/footer :: blogMessage
2021-08-04 10:05:19.785  INFO 8636 --- [http-nio-8081-exec-7] com.star.aspect.LogAspect                : Request : {url='http://localhost:8081/about', ip='127.0.0.1', classMethod='com.star.controller.AboutShowController.about', args=[]}
2021-08-04 10:05:19.786  INFO 8636 --- [http-nio-8081-exec-7] com.star.aspect.LogAspect                : Result : about
2021-08-04 10:05:20.015  INFO 8636 --- [http-nio-8081-exec-10] com.star.aspect.LogAspect                : Request : {url='http://localhost:8081/footer/blogmessage', ip='127.0.0.1', classMethod='com.star.controller.IndexController.blogMessage', args=[{}]}
2021-08-04 10:05:20.135  INFO 8636 --- [http-nio-8081-exec-10] com.star.aspect.LogAspect                : Result : commons/footer :: blogMessage
2021-08-04 10:05:25.979  INFO 8636 --- [http-nio-8081-exec-7] com.star.aspect.LogAspect                : Request : {url='http://localhost:8081/message', ip='127.0.0.1', classMethod='com.star.controller.MessageController.message', args=[]}
2021-08-04 10:05:25.980  INFO 8636 --- [http-nio-8081-exec-7] com.star.aspect.LogAspect                : Result : message
2021-08-04 10:05:26.100  INFO 8636 --- [http-nio-8081-exec-3] com.star.aspect.LogAspect                : Request : {url='http://localhost:8081/footer/blogmessage', ip='127.0.0.1', classMethod='com.star.controller.IndexController.blogMessage', args=[{}]}
2021-08-04 10:05:26.122  INFO 8636 --- [http-nio-8081-exec-1] com.star.aspect.LogAspect                : Request : {url='http://localhost:8081/messagecomment', ip='127.0.0.1', classMethod='com.star.controller.MessageController.messages', args=[{}]}
2021-08-04 10:05:26.215  INFO 8636 --- [http-nio-8081-exec-3] com.star.aspect.LogAspect                : Result : commons/footer :: blogMessage
2021-08-04 10:05:26.216  INFO 8636 --- [http-nio-8081-exec-1] com.star.aspect.LogAspect                : Result : message::messageList
2021-08-04 10:05:30.324  INFO 8636 --- [http-nio-8081-exec-10] com.star.aspect.LogAspect                : Request : {url='http://localhost:8081/about', ip='127.0.0.1', classMethod='com.star.controller.AboutShowController.about', args=[]}
2021-08-04 10:05:30.325  INFO 8636 --- [http-nio-8081-exec-10] com.star.aspect.LogAspect                : Result : about
2021-08-04 10:05:30.436  INFO 8636 --- [http-nio-8081-exec-10] com.star.aspect.LogAspect                : Request : {url='http://localhost:8081/footer/blogmessage', ip='127.0.0.1', classMethod='com.star.controller.IndexController.blogMessage', args=[{}]}
2021-08-04 10:05:30.550  INFO 8636 --- [http-nio-8081-exec-10] com.star.aspect.LogAspect                : Result : commons/footer :: blogMessage
2021-08-04 10:06:22.863  INFO 4836 --- [restartedMain] com.star.MyblogApplication               : Starting MyblogApplication on PC-20170517RPEF with PID 4836 (started by Administrator in D:\maven\springboot\githubÈ°πÁõÆËµÑÊ∫ê\myblog-mybatis-master)
2021-08-04 10:06:22.868  INFO 4836 --- [restartedMain] com.star.MyblogApplication               : The following profiles are active: pro
2021-08-04 10:06:27.625  INFO 4836 --- [restartedMain] com.star.MyblogApplication               : Started MyblogApplication in 6.135 seconds (JVM running for 7.335)
2021-08-04 10:06:27.815  INFO 4836 --- [http-nio-8081-exec-1] com.star.aspect.LogAspect                : Request : {url='http://localhost:8081/about', ip='127.0.0.1', classMethod='com.star.controller.AboutShowController.about', args=[]}
2021-08-04 10:06:27.821  INFO 4836 --- [http-nio-8081-exec-1] com.star.aspect.LogAspect                : Result : about
2021-08-04 10:06:28.510  INFO 4836 --- [http-nio-8081-exec-8] com.star.aspect.LogAspect                : Request : {url='http://localhost:8081/footer/blogmessage', ip='0:0:0:0:0:0:0:1', classMethod='com.star.controller.IndexController.blogMessage', args=[{}]}
2021-08-04 10:06:29.140  INFO 4836 --- [http-nio-8081-exec-8] com.star.aspect.LogAspect                : Result : commons/footer :: blogMessage
2021-08-04 10:06:31.723  INFO 4836 --- [http-nio-8081-exec-9] com.star.aspect.LogAspect                : Request : {url='http://localhost:8081/message', ip='0:0:0:0:0:0:0:1', classMethod='com.star.controller.MessageController.message', args=[]}
2021-08-04 10:06:31.728  INFO 4836 --- [http-nio-8081-exec-9] com.star.aspect.LogAspect                : Result : message
2021-08-04 10:06:31.868  INFO 4836 --- [http-nio-8081-exec-7] com.star.aspect.LogAspect                : Request : {url='http://localhost:8081/footer/blogmessage', ip='0:0:0:0:0:0:0:1', classMethod='com.star.controller.IndexController.blogMessage', args=[{}]}
2021-08-04 10:06:31.897  INFO 4836 --- [http-nio-8081-exec-4] com.star.aspect.LogAspect                : Request : {url='http://localhost:8081/messagecomment', ip='0:0:0:0:0:0:0:1', classMethod='com.star.controller.MessageController.messages', args=[{}]}
2021-08-04 10:06:31.961  INFO 4836 --- [http-nio-8081-exec-7] com.star.aspect.LogAspect                : Result : commons/footer :: blogMessage
2021-08-04 10:06:31.980  INFO 4836 --- [http-nio-8081-exec-4] com.star.aspect.LogAspect                : Result : message::messageList
2021-08-04 10:06:37.064  INFO 4836 --- [http-nio-8081-exec-8] com.star.aspect.LogAspect                : Request : {url='http://localhost:8081/', ip='0:0:0:0:0:0:0:1', classMethod='com.star.controller.IndexController.index', args=[{}, 1, {}]}
2021-08-04 10:06:37.187  INFO 4836 --- [http-nio-8081-exec-8] com.star.aspect.LogAspect                : Result : index
2021-08-04 10:06:37.399  INFO 4836 --- [http-nio-8081-exec-4] com.star.aspect.LogAspect                : Request : {url='http://localhost:8081/footer/blogmessage', ip='0:0:0:0:0:0:0:1', classMethod='com.star.controller.IndexController.blogMessage', args=[{}]}
2021-08-04 10:06:37.498  INFO 4836 --- [http-nio-8081-exec-4] com.star.aspect.LogAspect                : Result : commons/footer :: blogMessage
2021-08-04 10:06:38.732  INFO 4836 --- [http-nio-8081-exec-5] com.star.aspect.LogAspect                : Request : {url='http://localhost:8081/blog/1', ip='0:0:0:0:0:0:0:1', classMethod='com.star.controller.IndexController.blog', args=[1, {}]}
2021-08-04 10:06:38.932  INFO 4836 --- [http-nio-8081-exec-5] com.star.aspect.LogAspect                : Result : blog
2021-08-04 10:06:39.645  INFO 4836 --- [http-nio-8081-exec-1] com.star.aspect.LogAspect                : Request : {url='http://localhost:8081/footer/blogmessage', ip='0:0:0:0:0:0:0:1', classMethod='com.star.controller.IndexController.blogMessage', args=[{}]}
2021-08-04 10:06:39.741  INFO 4836 --- [http-nio-8081-exec-1] com.star.aspect.LogAspect                : Result : commons/footer :: blogMessage
2021-08-04 10:08:33.496  INFO 9972 --- [main] com.star.MyblogApplicationTests          : Starting MyblogApplicationTests on PC-20170517RPEF with PID 9972 (started by Administrator in D:\maven\springboot\githubœÓƒø◊ ‘¥\myblog-mybatis-master)
2021-08-04 10:08:33.498  INFO 9972 --- [main] com.star.MyblogApplicationTests          : The following profiles are active: pro
2021-08-04 10:08:38.818  INFO 9972 --- [main] com.star.MyblogApplicationTests          : Started MyblogApplicationTests in 6.226 seconds (JVM running for 7.885)
2021-08-04 22:27:23.832  INFO 5672 --- [restartedMain] com.star.MyblogApplication               : Starting MyblogApplication on PC-20170517RPEF with PID 5672 (started by Administrator in D:\maven\springboot\githubÈ°πÁõÆËµÑÊ∫ê\myblog-mybatis-master)
2021-08-04 22:27:23.835  INFO 5672 --- [restartedMain] com.star.MyblogApplication               : The following profiles are active: pro
2021-08-04 22:27:28.344  INFO 5672 --- [restartedMain] com.star.MyblogApplication               : Started MyblogApplication in 5.5 seconds (JVM running for 6.905)
2021-08-04 22:27:41.550  INFO 5672 --- [http-nio-8081-exec-1] com.star.aspect.LogAspect                : Request : {url='http://localhost:8081/', ip='127.0.0.1', classMethod='com.star.controller.IndexController.index', args=[{}, 1, {}]}
2021-08-04 22:27:42.232  INFO 5672 --- [http-nio-8081-exec-1] com.star.aspect.LogAspect                : Result : index
2021-08-04 22:27:43.037  INFO 5672 --- [http-nio-8081-exec-10] com.star.aspect.LogAspect                : Request : {url='http://localhost:8081/footer/blogmessage', ip='127.0.0.1', classMethod='com.star.controller.IndexController.blogMessage', args=[{}]}
2021-08-04 22:27:43.221  INFO 5672 --- [http-nio-8081-exec-10] com.star.aspect.LogAspect                : Result : commons/footer :: blogMessage
2021-08-04 22:27:53.953  INFO 5672 --- [http-nio-8081-exec-6] com.star.aspect.LogAspect                : Request : {url='http://localhost:8081/footer/blogmessage', ip='127.0.0.1', classMethod='com.star.controller.IndexController.blogMessage', args=[{}]}
2021-08-04 22:27:54.057  INFO 5672 --- [http-nio-8081-exec-6] com.star.aspect.LogAspect                : Result : commons/footer :: blogMessage
2021-08-04 22:27:57.110  INFO 5672 --- [http-nio-8081-exec-7] com.star.aspect.LogAspect                : Request : {url='http://localhost:8081/footer/blogmessage', ip='127.0.0.1', classMethod='com.star.controller.IndexController.blogMessage', args=[{}]}
2021-08-04 22:27:57.213  INFO 5672 --- [http-nio-8081-exec-7] com.star.aspect.LogAspect                : Result : commons/footer :: blogMessage
2021-08-04 22:28:38.440  INFO 10852 --- [restartedMain] com.star.MyblogApplication               : Starting MyblogApplication on PC-20170517RPEF with PID 10852 (started by Administrator in D:\maven\springboot\githubÈ°πÁõÆËµÑÊ∫ê\myblog-mybatis-master)
2021-08-04 22:28:38.444  INFO 10852 --- [restartedMain] com.star.MyblogApplication               : The following profiles are active: pro
2021-08-04 22:28:42.498  INFO 10852 --- [restartedMain] com.star.MyblogApplication               : Started MyblogApplication in 4.763 seconds (JVM running for 5.751)
2021-08-04 22:28:49.126  INFO 10852 --- [http-nio-8081-exec-10] com.star.aspect.LogAspect                : Request : {url='http://localhost:8081/footer/blogmessage', ip='0:0:0:0:0:0:0:1', classMethod='com.star.controller.IndexController.blogMessage', args=[{}]}
2021-08-04 22:28:49.217  INFO 10852 --- [http-nio-8081-exec-10] com.star.aspect.LogAspect                : Result : commons/footer :: blogMessage
2021-08-04 22:28:54.223  INFO 10852 --- [http-nio-8081-exec-6] com.star.aspect.LogAspect                : Request : {url='http://localhost:8081/footer/blogmessage', ip='0:0:0:0:0:0:0:1', classMethod='com.star.controller.IndexController.blogMessage', args=[{}]}
2021-08-04 22:28:54.309  INFO 10852 --- [http-nio-8081-exec-6] com.star.aspect.LogAspect                : Result : commons/footer :: blogMessage
2021-08-04 22:28:56.492  INFO 10852 --- [http-nio-8081-exec-1] com.star.aspect.LogAspect                : Request : {url='http://localhost:8081/footer/blogmessage', ip='0:0:0:0:0:0:0:1', classMethod='com.star.controller.IndexController.blogMessage', args=[{}]}
2021-08-04 22:28:56.576  INFO 10852 --- [http-nio-8081-exec-1] com.star.aspect.LogAspect                : Result : commons/footer :: blogMessage
2021-08-04 22:28:57.803  INFO 10852 --- [http-nio-8081-exec-6] com.star.aspect.LogAspect                : Request : {url='http://localhost:8081/footer/blogmessage', ip='0:0:0:0:0:0:0:1', classMethod='com.star.controller.IndexController.blogMessage', args=[{}]}
2021-08-04 22:28:57.889  INFO 10852 --- [http-nio-8081-exec-6] com.star.aspect.LogAspect                : Result : commons/footer :: blogMessage
2021-08-04 22:28:58.945  INFO 10852 --- [http-nio-8081-exec-2] com.star.aspect.LogAspect                : Request : {url='http://localhost:8081/footer/blogmessage', ip='0:0:0:0:0:0:0:1', classMethod='com.star.controller.IndexController.blogMessage', args=[{}]}
2021-08-04 22:28:59.028  INFO 10852 --- [http-nio-8081-exec-2] com.star.aspect.LogAspect                : Result : commons/footer :: blogMessage
2021-08-04 22:29:01.125  INFO 10852 --- [http-nio-8081-exec-7] com.star.aspect.LogAspect                : Request : {url='http://localhost:8081/footer/blogmessage', ip='0:0:0:0:0:0:0:1', classMethod='com.star.controller.IndexController.blogMessage', args=[{}]}
2021-08-04 22:29:01.208  INFO 10852 --- [http-nio-8081-exec-7] com.star.aspect.LogAspect                : Result : commons/footer :: blogMessage
2021-08-04 22:29:02.844  INFO 10852 --- [http-nio-8081-exec-4] com.star.aspect.LogAspect                : Request : {url='http://localhost:8081/footer/blogmessage', ip='0:0:0:0:0:0:0:1', classMethod='com.star.controller.IndexController.blogMessage', args=[{}]}
2021-08-04 22:29:02.926  INFO 10852 --- [http-nio-8081-exec-4] com.star.aspect.LogAspect                : Result : commons/footer :: blogMessage
2021-08-04 22:29:23.890  INFO 10408 --- [restartedMain] com.star.MyblogApplication               : Starting MyblogApplication on PC-20170517RPEF with PID 10408 (started by Administrator in D:\maven\springboot\githubÈ°πÁõÆËµÑÊ∫ê\myblog-mybatis-master)
2021-08-04 22:29:23.893  INFO 10408 --- [restartedMain] com.star.MyblogApplication               : The following profiles are active: pro
2021-08-04 22:29:28.420  INFO 10408 --- [restartedMain] com.star.MyblogApplication               : Started MyblogApplication in 5.252 seconds (JVM running for 6.411)
2021-08-04 22:29:45.670  INFO 10408 --- [http-nio-8081-exec-10] com.star.aspect.LogAspect                : Request : {url='http://localhost:8081/footer/blogmessage', ip='0:0:0:0:0:0:0:1', classMethod='com.star.controller.IndexController.blogMessage', args=[{}]}
2021-08-04 22:29:45.764  INFO 10408 --- [http-nio-8081-exec-10] com.star.aspect.LogAspect                : Result : commons/footer :: blogMessage
2021-08-04 22:29:48.048  INFO 10408 --- [http-nio-8081-exec-5] com.star.aspect.LogAspect                : Request : {url='http://localhost:8081/footer/blogmessage', ip='0:0:0:0:0:0:0:1', classMethod='com.star.controller.IndexController.blogMessage', args=[{}]}
2021-08-04 22:29:48.132  INFO 10408 --- [http-nio-8081-exec-5] com.star.aspect.LogAspect                : Result : commons/footer :: blogMessage
2021-08-04 22:29:48.621  INFO 10408 --- [http-nio-8081-exec-10] com.star.aspect.LogAspect                : Request : {url='http://localhost:8081/footer/blogmessage', ip='0:0:0:0:0:0:0:1', classMethod='com.star.controller.IndexController.blogMessage', args=[{}]}
2021-08-04 22:29:48.706  INFO 10408 --- [http-nio-8081-exec-10] com.star.aspect.LogAspect                : Result : commons/footer :: blogMessage
2021-08-04 22:29:49.121  INFO 10408 --- [http-nio-8081-exec-5] com.star.aspect.LogAspect                : Request : {url='http://localhost:8081/footer/blogmessage', ip='0:0:0:0:0:0:0:1', classMethod='com.star.controller.IndexController.blogMessage', args=[{}]}
2021-08-04 22:29:49.204  INFO 10408 --- [http-nio-8081-exec-5] com.star.aspect.LogAspect                : Result : commons/footer :: blogMessage
2021-08-04 22:29:49.720  INFO 10408 --- [http-nio-8081-exec-10] com.star.aspect.LogAspect                : Request : {url='http://localhost:8081/footer/blogmessage', ip='0:0:0:0:0:0:0:1', classMethod='com.star.controller.IndexController.blogMessage', args=[{}]}
2021-08-04 22:29:49.805  INFO 10408 --- [http-nio-8081-exec-10] com.star.aspect.LogAspect                : Result : commons/footer :: blogMessage
2021-08-04 22:29:50.795  INFO 10408 --- [http-nio-8081-exec-5] com.star.aspect.LogAspect                : Request : {url='http://localhost:8081/footer/blogmessage', ip='0:0:0:0:0:0:0:1', classMethod='com.star.controller.IndexController.blogMessage', args=[{}]}
2021-08-04 22:29:50.897  INFO 10408 --- [http-nio-8081-exec-5] com.star.aspect.LogAspect                : Result : commons/footer :: blogMessage
2021-08-04 22:29:52.215  INFO 10408 --- [http-nio-8081-exec-10] com.star.aspect.LogAspect                : Request : {url='http://localhost:8081/footer/blogmessage', ip='0:0:0:0:0:0:0:1', classMethod='com.star.controller.IndexController.blogMessage', args=[{}]}
2021-08-04 22:29:52.301  INFO 10408 --- [http-nio-8081-exec-10] com.star.aspect.LogAspect                : Result : commons/footer :: blogMessage
2021-08-04 22:29:52.728  INFO 10408 --- [http-nio-8081-exec-5] com.star.aspect.LogAspect                : Request : {url='http://localhost:8081/footer/blogmessage', ip='0:0:0:0:0:0:0:1', classMethod='com.star.controller.IndexController.blogMessage', args=[{}]}
2021-08-04 22:29:52.810  INFO 10408 --- [http-nio-8081-exec-5] com.star.aspect.LogAspect                : Result : commons/footer :: blogMessage
2021-08-04 22:29:53.764  INFO 10408 --- [http-nio-8081-exec-10] com.star.aspect.LogAspect                : Request : {url='http://localhost:8081/footer/blogmessage', ip='0:0:0:0:0:0:0:1', classMethod='com.star.controller.IndexController.blogMessage', args=[{}]}
2021-08-04 22:29:53.849  INFO 10408 --- [http-nio-8081-exec-10] com.star.aspect.LogAspect                : Result : commons/footer :: blogMessage
2021-08-04 22:29:55.341  INFO 10408 --- [http-nio-8081-exec-5] com.star.aspect.LogAspect                : Request : {url='http://localhost:8081/footer/blogmessage', ip='0:0:0:0:0:0:0:1', classMethod='com.star.controller.IndexController.blogMessage', args=[{}]}
2021-08-04 22:29:55.422  INFO 10408 --- [http-nio-8081-exec-5] com.star.aspect.LogAspect                : Result : commons/footer :: blogMessage
2021-08-04 22:30:35.375  INFO 1876 --- [main] com.star.MyblogApplicationTests          : Starting MyblogApplicationTests on PC-20170517RPEF with PID 1876 (started by Administrator in D:\maven\springboot\githubœÓƒø◊ ‘¥\myblog-mybatis-master)
2021-08-04 22:30:35.377  INFO 1876 --- [main] com.star.MyblogApplicationTests          : The following profiles are active: pro
2021-08-04 22:30:42.466  INFO 1876 --- [main] com.star.MyblogApplicationTests          : Started MyblogApplicationTests in 7.868 seconds (JVM running for 9.352)
